{"C:\\Users\\black\\OneDrive\\Documents\\Jimmy\\web\\boilerplate\\setupTests.js": {"path":"C:\\Users\\black\\OneDrive\\Documents\\Jimmy\\web\\boilerplate\\setupTests.js","statementMap":{"0":{"start":{"line":5,"column":0},"end":{"line":5,"column":38}},"1":{"start":{"line":6,"column":0},"end":{"line":6,"column":42}},"2":{"start":{"line":8,"column":26},"end":{"line":8,"column":61}},"3":{"start":{"line":9,"column":21},"end":{"line":9,"column":41}},"4":{"start":{"line":10,"column":0},"end":{"line":10,"column":27}},"5":{"start":{"line":11,"column":0},"end":{"line":11,"column":37}},"6":{"start":{"line":12,"column":0},"end":{"line":12,"column":40}},"7":{"start":{"line":13,"column":0},"end":{"line":13,"column":52}},"8":{"start":{"line":15,"column":0},"end":{"line":20,"column":3}},"9":{"start":{"line":16,"column":2},"end":{"line":19,"column":3}},"10":{"start":{"line":17,"column":4},"end":{"line":17,"column":37}},"11":{"start":{"line":18,"column":4},"end":{"line":18,"column":54}},"12":{"start":{"line":22,"column":0},"end":{"line":24,"column":2}}},"fnMap":{"0":{"name":"(anonymous_0)","decl":{"start":{"line":15,"column":42},"end":{"line":15,"column":43}},"loc":{"start":{"line":15,"column":54},"end":{"line":20,"column":1}},"line":15}},"branchMap":{"0":{"loc":{"start":{"line":16,"column":2},"end":{"line":19,"column":3}},"type":"if","locations":[{"start":{"line":16,"column":2},"end":{"line":19,"column":3}},{"start":{"line":16,"column":2},"end":{"line":19,"column":3}}],"line":16}},"s":{"0":5,"1":5,"2":5,"3":5,"4":5,"5":5,"6":5,"7":5,"8":5,"9":900,"10":10,"11":10,"12":5},"f":{"0":900},"b":{"0":[10,890]},"_coverageSchema":"332fd63041d2c1bcb487cc26dd0d5f7d97098a6c","hash":"660ceae86bdeb8e1efaa8f274dd06d2c5056c471"}
,"C:\\Users\\black\\OneDrive\\Documents\\Jimmy\\web\\boilerplate\\src\\App.jsx": {"path":"C:\\Users\\black\\OneDrive\\Documents\\Jimmy\\web\\boilerplate\\src\\App.jsx","statementMap":{"0":{"start":{"line":13,"column":4},"end":{"line":13,"column":17}},"1":{"start":{"line":17,"column":1},"end":{"line":17,"column":23}},"2":{"start":{"line":21,"column":4},"end":{"line":27,"column":3}},"3":{"start":{"line":31,"column":24},"end":{"line":37,"column":1}},"4":{"start":{"line":32,"column":1},"end":{"line":36,"column":2}},"5":{"start":{"line":39,"column":27},"end":{"line":44,"column":1}},"6":{"start":{"line":40,"column":1},"end":{"line":43,"column":2}},"7":{"start":{"line":41,"column":22},"end":{"line":41,"column":45}},"8":{"start":{"line":42,"column":19},"end":{"line":42,"column":39}}},"fnMap":{"0":{"name":"(anonymous_0)","decl":{"start":{"line":12,"column":2},"end":{"line":12,"column":3}},"loc":{"start":{"line":12,"column":21},"end":{"line":14,"column":3}},"line":12},"1":{"name":"(anonymous_1)","decl":{"start":{"line":16,"column":2},"end":{"line":16,"column":3}},"loc":{"start":{"line":16,"column":21},"end":{"line":18,"column":3}},"line":16},"2":{"name":"(anonymous_2)","decl":{"start":{"line":20,"column":2},"end":{"line":20,"column":3}},"loc":{"start":{"line":20,"column":11},"end":{"line":28,"column":3}},"line":20},"3":{"name":"(anonymous_3)","decl":{"start":{"line":31,"column":24},"end":{"line":31,"column":25}},"loc":{"start":{"line":31,"column":35},"end":{"line":37,"column":1}},"line":31},"4":{"name":"(anonymous_4)","decl":{"start":{"line":39,"column":27},"end":{"line":39,"column":28}},"loc":{"start":{"line":39,"column":41},"end":{"line":44,"column":1}},"line":39},"5":{"name":"(anonymous_5)","decl":{"start":{"line":41,"column":11},"end":{"line":41,"column":12}},"loc":{"start":{"line":41,"column":21},"end":{"line":41,"column":46}},"line":41},"6":{"name":"(anonymous_6)","decl":{"start":{"line":42,"column":12},"end":{"line":42,"column":13}},"loc":{"start":{"line":42,"column":18},"end":{"line":42,"column":40}},"line":42}},"branchMap":{},"s":{"0":1,"1":1,"2":1,"3":1,"4":1,"5":1,"6":1,"7":0,"8":1},"f":{"0":1,"1":1,"2":1,"3":1,"4":1,"5":0,"6":1},"b":{},"_coverageSchema":"332fd63041d2c1bcb487cc26dd0d5f7d97098a6c","hash":"b2abe5ccd7845a2cdd7c5bbf8e0cb107679bc918"}
,"C:\\Users\\black\\OneDrive\\Documents\\Jimmy\\web\\boilerplate\\src\\actions\\apiActions.js": {"path":"C:\\Users\\black\\OneDrive\\Documents\\Jimmy\\web\\boilerplate\\src\\actions\\apiActions.js","statementMap":{"0":{"start":{"line":3,"column":25},"end":{"line":13,"column":1}},"1":{"start":{"line":4,"column":1},"end":{"line":12,"column":2}},"2":{"start":{"line":4,"column":24},"end":{"line":11,"column":57}},"3":{"start":{"line":6,"column":17},"end":{"line":6,"column":30}},"4":{"start":{"line":7,"column":18},"end":{"line":7,"column":82}},"5":{"start":{"line":7,"column":36},"end":{"line":7,"column":80}},"6":{"start":{"line":8,"column":17},"end":{"line":8,"column":60}},"7":{"start":{"line":9,"column":4},"end":{"line":9,"column":52}},"8":{"start":{"line":10,"column":4},"end":{"line":10,"column":51}},"9":{"start":{"line":11,"column":19},"end":{"line":11,"column":56}}},"fnMap":{"0":{"name":"(anonymous_0)","decl":{"start":{"line":3,"column":25},"end":{"line":3,"column":26}},"loc":{"start":{"line":3,"column":31},"end":{"line":13,"column":1}},"line":3},"1":{"name":"(anonymous_1)","decl":{"start":{"line":4,"column":8},"end":{"line":4,"column":9}},"loc":{"start":{"line":4,"column":22},"end":{"line":12,"column":2}},"line":4},"2":{"name":"(anonymous_2)","decl":{"start":{"line":5,"column":9},"end":{"line":5,"column":10}},"loc":{"start":{"line":5,"column":23},"end":{"line":11,"column":4}},"line":5},"3":{"name":"(anonymous_3)","decl":{"start":{"line":7,"column":27},"end":{"line":7,"column":28}},"loc":{"start":{"line":7,"column":35},"end":{"line":7,"column":81}},"line":7},"4":{"name":"(anonymous_4)","decl":{"start":{"line":11,"column":12},"end":{"line":11,"column":13}},"loc":{"start":{"line":11,"column":19},"end":{"line":11,"column":56}},"line":11}},"branchMap":{},"s":{"0":1,"1":1,"2":0,"3":0,"4":0,"5":0,"6":0,"7":0,"8":0,"9":0},"f":{"0":1,"1":0,"2":0,"3":0,"4":0},"b":{},"_coverageSchema":"332fd63041d2c1bcb487cc26dd0d5f7d97098a6c","hash":"6d2192f355272896749b73ba503fb12bebd6cae3"}
,"C:\\Users\\black\\OneDrive\\Documents\\Jimmy\\web\\boilerplate\\src\\actions\\peopleAction.js": {"path":"C:\\Users\\black\\OneDrive\\Documents\\Jimmy\\web\\boilerplate\\src\\actions\\peopleAction.js","statementMap":{"0":{"start":{"line":1,"column":23},"end":{"line":3,"column":1}},"1":{"start":{"line":2,"column":1},"end":{"line":2,"column":43}}},"fnMap":{"0":{"name":"(anonymous_0)","decl":{"start":{"line":1,"column":23},"end":{"line":1,"column":24}},"loc":{"start":{"line":1,"column":33},"end":{"line":3,"column":1}},"line":1}},"branchMap":{},"s":{"0":3,"1":1},"f":{"0":1},"b":{},"_coverageSchema":"332fd63041d2c1bcb487cc26dd0d5f7d97098a6c","hash":"90be92e21b3601bf545b014330f7cf3d860aa094"}
,"C:\\Users\\black\\OneDrive\\Documents\\Jimmy\\web\\boilerplate\\src\\components\\dummie-result\\index.jsx": {"path":"C:\\Users\\black\\OneDrive\\Documents\\Jimmy\\web\\boilerplate\\src\\components\\dummie-result\\index.jsx","statementMap":{"0":{"start":{"line":4,"column":15},"end":{"line":6,"column":1}},"1":{"start":{"line":5,"column":2},"end":{"line":5,"column":22}},"2":{"start":{"line":8,"column":0},"end":{"line":10,"column":2}}},"fnMap":{"0":{"name":"(anonymous_0)","decl":{"start":{"line":4,"column":15},"end":{"line":4,"column":16}},"loc":{"start":{"line":5,"column":2},"end":{"line":5,"column":22}},"line":5}},"branchMap":{},"s":{"0":1,"1":1,"2":1},"f":{"0":1},"b":{},"_coverageSchema":"332fd63041d2c1bcb487cc26dd0d5f7d97098a6c","hash":"acbd3380a44410eeaff63a06e19cb6e054c0582b"}
,"C:\\Users\\black\\OneDrive\\Documents\\Jimmy\\web\\boilerplate\\src\\components\\forms\\index.js": {"path":"C:\\Users\\black\\OneDrive\\Documents\\Jimmy\\web\\boilerplate\\src\\components\\forms\\index.js","statementMap":{"0":{"start":{"line":7,"column":4},"end":{"line":7,"column":17}},"1":{"start":{"line":8,"column":4},"end":{"line":8,"column":42}},"2":{"start":{"line":12,"column":1},"end":{"line":12,"column":57}},"3":{"start":{"line":16,"column":12},"end":{"line":16,"column":44}},"4":{"start":{"line":17,"column":1},"end":{"line":17,"column":17}},"5":{"start":{"line":18,"column":14},"end":{"line":18,"column":78}},"6":{"start":{"line":19,"column":1},"end":{"line":19,"column":25}},"7":{"start":{"line":20,"column":1},"end":{"line":20,"column":41}},"8":{"start":{"line":24,"column":15},"end":{"line":24,"column":25}},"9":{"start":{"line":26,"column":4},"end":{"line":54,"column":3}},"10":{"start":{"line":58,"column":0},"end":{"line":60,"column":2}}},"fnMap":{"0":{"name":"(anonymous_0)","decl":{"start":{"line":6,"column":2},"end":{"line":6,"column":3}},"loc":{"start":{"line":6,"column":21},"end":{"line":9,"column":3}},"line":6},"1":{"name":"(anonymous_1)","decl":{"start":{"line":11,"column":17},"end":{"line":11,"column":18}},"loc":{"start":{"line":11,"column":28},"end":{"line":13,"column":3}},"line":11},"2":{"name":"(anonymous_2)","decl":{"start":{"line":15,"column":16},"end":{"line":15,"column":17}},"loc":{"start":{"line":15,"column":27},"end":{"line":21,"column":3}},"line":15},"3":{"name":"(anonymous_3)","decl":{"start":{"line":23,"column":2},"end":{"line":23,"column":3}},"loc":{"start":{"line":23,"column":11},"end":{"line":55,"column":3}},"line":23}},"branchMap":{},"s":{"0":1,"1":1,"2":0,"3":0,"4":0,"5":0,"6":0,"7":0,"8":1,"9":1,"10":1},"f":{"0":1,"1":0,"2":0,"3":1},"b":{},"_coverageSchema":"332fd63041d2c1bcb487cc26dd0d5f7d97098a6c","hash":"35884949a50ce855c023d0c6a918af2e638cdefa"}
,"C:\\Users\\black\\OneDrive\\Documents\\Jimmy\\web\\boilerplate\\src\\components\\hello-world\\index.jsx": {"path":"C:\\Users\\black\\OneDrive\\Documents\\Jimmy\\web\\boilerplate\\src\\components\\hello-world\\index.jsx","statementMap":{"0":{"start":{"line":5,"column":19},"end":{"line":7,"column":1}},"1":{"start":{"line":6,"column":2},"end":{"line":6,"column":53}},"2":{"start":{"line":9,"column":0},"end":{"line":11,"column":2}}},"fnMap":{"0":{"name":"(anonymous_0)","decl":{"start":{"line":5,"column":19},"end":{"line":5,"column":20}},"loc":{"start":{"line":6,"column":2},"end":{"line":6,"column":53}},"line":6}},"branchMap":{},"s":{"0":1,"1":1,"2":1},"f":{"0":1},"b":{},"_coverageSchema":"332fd63041d2c1bcb487cc26dd0d5f7d97098a6c","hash":"b71dcafa3273175b6a16c76315ce633af2521f05"}
,"C:\\Users\\black\\OneDrive\\Documents\\Jimmy\\web\\boilerplate\\src\\components\\tabs\\index.jsx": {"path":"C:\\Users\\black\\OneDrive\\Documents\\Jimmy\\web\\boilerplate\\src\\components\\tabs\\index.jsx","statementMap":{"0":{"start":{"line":4,"column":13},"end":{"line":27,"column":1}},"1":{"start":{"line":5,"column":12},"end":{"line":5,"column":29}},"2":{"start":{"line":6,"column":18},"end":{"line":12,"column":3}},"3":{"start":{"line":7,"column":2},"end":{"line":11,"column":7}},"4":{"start":{"line":13,"column":1},"end":{"line":26,"column":3}},"5":{"start":{"line":29,"column":0},"end":{"line":31,"column":2}}},"fnMap":{"0":{"name":"(anonymous_0)","decl":{"start":{"line":4,"column":13},"end":{"line":4,"column":14}},"loc":{"start":{"line":4,"column":27},"end":{"line":27,"column":1}},"line":4},"1":{"name":"(anonymous_1)","decl":{"start":{"line":6,"column":25},"end":{"line":6,"column":26}},"loc":{"start":{"line":7,"column":2},"end":{"line":11,"column":7}},"line":7}},"branchMap":{},"s":{"0":2,"1":2,"2":2,"3":1,"4":2,"5":2},"f":{"0":2,"1":1},"b":{},"_coverageSchema":"332fd63041d2c1bcb487cc26dd0d5f7d97098a6c","hash":"b1a3ce40a66e4bd39b58ca3b9dc16e26f630e9d4"}
,"C:\\Users\\black\\OneDrive\\Documents\\Jimmy\\web\\boilerplate\\src\\reducers\\nameReducer.js": {"path":"C:\\Users\\black\\OneDrive\\Documents\\Jimmy\\web\\boilerplate\\src\\reducers\\nameReducer.js","statementMap":{"0":{"start":{"line":1,"column":20},"end":{"line":14,"column":1}},"1":{"start":{"line":2,"column":16},"end":{"line":2,"column":26}},"2":{"start":{"line":3,"column":1},"end":{"line":13,"column":2}},"3":{"start":{"line":5,"column":3},"end":{"line":5,"column":77}},"4":{"start":{"line":6,"column":3},"end":{"line":6,"column":19}},"5":{"start":{"line":9,"column":3},"end":{"line":9,"column":103}},"6":{"start":{"line":9,"column":25},"end":{"line":9,"column":102}},"7":{"start":{"line":10,"column":3},"end":{"line":10,"column":19}},"8":{"start":{"line":12,"column":3},"end":{"line":12,"column":15}}},"fnMap":{"0":{"name":"(anonymous_0)","decl":{"start":{"line":1,"column":20},"end":{"line":1,"column":21}},"loc":{"start":{"line":1,"column":51},"end":{"line":14,"column":1}},"line":1},"1":{"name":"(anonymous_1)","decl":{"start":{"line":9,"column":15},"end":{"line":9,"column":16}},"loc":{"start":{"line":9,"column":25},"end":{"line":9,"column":102}},"line":9}},"branchMap":{"0":{"loc":{"start":{"line":1,"column":21},"end":{"line":1,"column":29}},"type":"default-arg","locations":[{"start":{"line":1,"column":27},"end":{"line":1,"column":29}}],"line":1},"1":{"loc":{"start":{"line":3,"column":1},"end":{"line":13,"column":2}},"type":"switch","locations":[{"start":{"line":4,"column":2},"end":{"line":6,"column":19}},{"start":{"line":8,"column":2},"end":{"line":10,"column":19}},{"start":{"line":11,"column":2},"end":{"line":12,"column":15}}],"line":3}},"s":{"0":1,"1":1,"2":1,"3":1,"4":1,"5":0,"6":0,"7":0,"8":0},"f":{"0":1,"1":0},"b":{"0":[0],"1":[1,0,0]},"_coverageSchema":"332fd63041d2c1bcb487cc26dd0d5f7d97098a6c","hash":"c9ef6c68d246556f916b3282801b03b127d6a375"}
}
