TN:
SF:C:\Users\black\OneDrive\Documents\Jimmy\web\boilerplate\setupTests.js
FN:15,(anonymous_0)
FNF:1
FNH:1
FNDA:900,(anonymous_0)
DA:5,5
DA:6,5
DA:8,5
DA:9,5
DA:10,5
DA:11,5
DA:12,5
DA:13,5
DA:15,5
DA:16,900
DA:17,10
DA:18,10
DA:22,5
LF:13
LH:13
BRDA:16,0,0,10
BRDA:16,0,1,890
BRF:2
BRH:2
end_of_record
TN:
SF:C:\Users\black\OneDrive\Documents\Jimmy\web\boilerplate\src\App.jsx
FN:12,(anonymous_0)
FN:16,(anonymous_1)
FN:20,(anonymous_2)
FN:31,(anonymous_3)
FN:39,(anonymous_4)
FN:41,(anonymous_5)
FN:42,(anonymous_6)
FNF:7
FNH:6
FNDA:1,(anonymous_0)
FNDA:1,(anonymous_1)
FNDA:1,(anonymous_2)
FNDA:1,(anonymous_3)
FNDA:1,(anonymous_4)
FNDA:0,(anonymous_5)
FNDA:1,(anonymous_6)
DA:13,1
DA:17,1
DA:21,1
DA:31,1
DA:32,1
DA:39,1
DA:40,1
DA:41,0
DA:42,1
LF:9
LH:8
BRF:0
BRH:0
end_of_record
TN:
SF:C:\Users\black\OneDrive\Documents\Jimmy\web\boilerplate\src\actions\apiActions.js
FN:3,(anonymous_0)
FN:4,(anonymous_1)
FN:5,(anonymous_2)
FN:7,(anonymous_3)
FN:11,(anonymous_4)
FNF:5
FNH:1
FNDA:1,(anonymous_0)
FNDA:0,(anonymous_1)
FNDA:0,(anonymous_2)
FNDA:0,(anonymous_3)
FNDA:0,(anonymous_4)
DA:3,1
DA:4,1
DA:6,0
DA:7,0
DA:8,0
DA:9,0
DA:10,0
DA:11,0
LF:8
LH:2
BRF:0
BRH:0
end_of_record
TN:
SF:C:\Users\black\OneDrive\Documents\Jimmy\web\boilerplate\src\actions\peopleAction.js
FN:1,(anonymous_0)
FNF:1
FNH:1
FNDA:1,(anonymous_0)
DA:1,3
DA:2,1
LF:2
LH:2
BRF:0
BRH:0
end_of_record
TN:
SF:C:\Users\black\OneDrive\Documents\Jimmy\web\boilerplate\src\components\dummie-result\index.jsx
FN:4,(anonymous_0)
FNF:1
FNH:1
FNDA:1,(anonymous_0)
DA:4,1
DA:5,1
DA:8,1
LF:3
LH:3
BRF:0
BRH:0
end_of_record
TN:
SF:C:\Users\black\OneDrive\Documents\Jimmy\web\boilerplate\src\components\forms\index.js
FN:6,(anonymous_0)
FN:11,(anonymous_1)
FN:15,(anonymous_2)
FN:23,(anonymous_3)
FNF:4
FNH:2
FNDA:1,(anonymous_0)
FNDA:0,(anonymous_1)
FNDA:0,(anonymous_2)
FNDA:1,(anonymous_3)
DA:7,1
DA:8,1
DA:12,0
DA:16,0
DA:17,0
DA:18,0
DA:19,0
DA:20,0
DA:24,1
DA:26,1
DA:58,1
LF:11
LH:5
BRF:0
BRH:0
end_of_record
TN:
SF:C:\Users\black\OneDrive\Documents\Jimmy\web\boilerplate\src\components\hello-world\index.jsx
FN:5,(anonymous_0)
FNF:1
FNH:1
FNDA:1,(anonymous_0)
DA:5,1
DA:6,1
DA:9,1
LF:3
LH:3
BRF:0
BRH:0
end_of_record
TN:
SF:C:\Users\black\OneDrive\Documents\Jimmy\web\boilerplate\src\components\tabs\index.jsx
FN:4,(anonymous_0)
FN:6,(anonymous_1)
FNF:2
FNH:2
FNDA:2,(anonymous_0)
FNDA:1,(anonymous_1)
DA:4,2
DA:5,2
DA:6,2
DA:7,1
DA:13,2
DA:29,2
LF:6
LH:6
BRF:0
BRH:0
end_of_record
TN:
SF:C:\Users\black\OneDrive\Documents\Jimmy\web\boilerplate\src\reducers\nameReducer.js
FN:1,(anonymous_0)
FN:9,(anonymous_1)
FNF:2
FNH:1
FNDA:1,(anonymous_0)
FNDA:0,(anonymous_1)
DA:1,1
DA:2,1
DA:3,1
DA:5,1
DA:6,1
DA:9,0
DA:10,0
DA:12,0
LF:8
LH:5
BRDA:1,0,0,0
BRDA:3,1,0,1
BRDA:3,1,1,0
BRDA:3,1,2,0
BRF:4
BRH:1
end_of_record
